# JRE version: OpenJDK Runtime Environment (17.0.6) (build 17.0.6+0-b2043.56-10027231)
# Java VM: OpenJDK 64-Bit Server VM (17.0.6+0-b2043.56-10027231, mixed mode, tiered, compressed oops, compressed class ptrs, g1 gc, windows-amd64)
GC Precious Log:
 CPUs: 12 total, 12 available
 Memory: 16335M
 Large Page Support: Disabled
 NUMA Support: Disabled
 Compressed Oops: Enabled (32-bit)
 Heap Region Size: 1M
 Heap Min Capacity: 8M
 Heap Initial Capacity: 256M
 Heap Max Capacity: 2G
 Pre-touch: Disabled
 Parallel Workers: 10
 Concurrent Workers: 3
 Concurrent Refinement Workers: 10
 Periodic GC: Disabled
Heap:
 garbage-first heap   total 157696K, used 88616K [0x0000000080000000, 0x0000000100000000)
  region size 1024K, 4 young (4096K), 4 survivors (4096K)
 Metaspace       used 100282K, committed 100992K, reserved 1138688K
  class space    used 13576K, committed 13888K, reserved 1048576K
GC Heap History (20 events):
Event: 7.308 GC heap after
{Heap after GC invocations=29 (full 0):
 garbage-first heap   total 107520K, used 62389K [0x0000000080000000, 0x0000000100000000)
  region size 1024K, 4 young (4096K), 4 survivors (4096K)
 Metaspace       used 87934K, committed 88512K, reserved 1130496K
  class space    used 11873K, committed 12160K, reserved 1048576K
}
Event: 7.578 GC heap before
{Heap before GC invocations=30 (full 0):
 garbage-first heap   total 109568K, used 87989K [0x0000000080000000, 0x0000000100000000)
  region size 1024K, 30 young (30720K), 4 survivors (4096K)
 Metaspace       used 90729K, committed 91328K, reserved 1130496K
  class space    used 12310K, committed 12608K, reserved 1048576K
}
Event: 7.582 GC heap after
{Heap after GC invocations=31 (full 0):
 garbage-first heap   total 109568K, used 64094K [0x0000000080000000, 0x0000000100000000)
  region size 1024K, 2 young (2048K), 2 survivors (2048K)
 Metaspace       used 90729K, committed 91328K, reserved 1130496K
  class space    used 12310K, committed 12608K, reserved 1048576K
}
Event: 7.859 GC heap before
{Heap before GC invocations=31 (full 0):
 garbage-first heap   total 109568K, used 91742K [0x0000000080000000, 0x0000000100000000)
  region size 1024K, 29 young (29696K), 2 survivors (2048K)
 Metaspace       used 93912K, committed 94528K, reserved 1138688K
  class space    used 12734K, committed 13056K, reserved 1048576K
}
Event: 7.862 GC heap after
{Heap after GC invocations=32 (full 0):
 garbage-first heap   total 109568K, used 66846K [0x0000000080000000, 0x0000000100000000)
  region size 1024K, 4 young (4096K), 4 survivors (4096K)
 Metaspace       used 93912K, committed 94528K, reserved 1138688K
  class space    used 12734K, committed 13056K, reserved 1048576K
}
Event: 8.043 GC heap before
{Heap before GC invocations=33 (full 0):
 garbage-first heap   total 119808K, used 91422K [0x0000000080000000, 0x0000000100000000)
  region size 1024K, 28 young (28672K), 4 survivors (4096K)
 Metaspace       used 94906K, committed 95552K, reserved 1138688K
  class space    used 12862K, committed 13184K, reserved 1048576K
}
Event: 8.046 GC heap after
{Heap after GC invocations=34 (full 0):
 garbage-first heap   total 119808K, used 70098K [0x0000000080000000, 0x0000000100000000)
  region size 1024K, 4 young (4096K), 4 survivors (4096K)
 Metaspace       used 94906K, committed 95552K, reserved 1138688K
  class space    used 12862K, committed 13184K, reserved 1048576K
}
Event: 8.166 GC heap before
{Heap before GC invocations=34 (full 0):
 garbage-first heap   total 119808K, used 98770K [0x0000000080000000, 0x0000000100000000)
  region size 1024K, 32 young (32768K), 4 survivors (4096K)
 Metaspace       used 94989K, committed 95616K, reserved 1138688K
  class space    used 12868K, committed 13184K, reserved 1048576K
}
Event: 8.170 GC heap after
{Heap after GC invocations=35 (full 0):
 garbage-first heap   total 144384K, used 74738K [0x0000000080000000, 0x0000000100000000)
  region size 1024K, 4 young (4096K), 4 survivors (4096K)
 Metaspace       used 94989K, committed 95616K, reserved 1138688K
  class space    used 12868K, committed 13184K, reserved 1048576K
}
Event: 8.646 GC heap before
{Heap before GC invocations=36 (full 0):
 garbage-first heap   total 144384K, used 115698K [0x0000000080000000, 0x0000000100000000)
  region size 1024K, 44 young (45056K), 4 survivors (4096K)
 Metaspace       used 98761K, committed 99392K, reserved 1138688K
  class space    used 13408K, committed 13696K, reserved 1048576K
}
Event: 8.652 GC heap after
{Heap after GC invocations=37 (full 0):
 garbage-first heap   total 144384K, used 80868K [0x0000000080000000, 0x0000000100000000)
  region size 1024K, 6 young (6144K), 6 survivors (6144K)
 Metaspace       used 98761K, committed 99392K, reserved 1138688K
  class space    used 13408K, committed 13696K, reserved 1048576K
}
Event: 8.655 GC heap before
{Heap before GC invocations=37 (full 0):
 garbage-first heap   total 144384K, used 81892K [0x0000000080000000, 0x0000000100000000)
  region size 1024K, 7 young (7168K), 6 survivors (6144K)
 Metaspace       used 98769K, committed 99392K, reserved 1138688K
  class space    used 13409K, committed 13696K, reserved 1048576K
}
Event: 8.660 GC heap after
{Heap after GC invocations=38 (full 0):
 garbage-first heap   total 144384K, used 81212K [0x0000000080000000, 0x0000000100000000)
  region size 1024K, 1 young (1024K), 1 survivors (1024K)
 Metaspace       used 98769K, committed 99392K, reserved 1138688K
  class space    used 13409K, committed 13696K, reserved 1048576K
}
Event: 8.774 GC heap before
{Heap before GC invocations=38 (full 0):
 garbage-first heap   total 144384K, used 115004K [0x0000000080000000, 0x0000000100000000)
  region size 1024K, 35 young (35840K), 1 survivors (1024K)
 Metaspace       used 98962K, committed 99648K, reserved 1138688K
  class space    used 13418K, committed 13760K, reserved 1048576K
}
Event: 8.776 GC heap after
{Heap after GC invocations=39 (full 0):
 garbage-first heap   total 144384K, used 83258K [0x0000000080000000, 0x0000000100000000)
  region size 1024K, 3 young (3072K), 3 survivors (3072K)
 Metaspace       used 98962K, committed 99648K, reserved 1138688K
  class space    used 13418K, committed 13760K, reserved 1048576K
}
Event: 8.999 GC heap before
{Heap before GC invocations=40 (full 0):
 garbage-first heap   total 157696K, used 116026K [0x0000000080000000, 0x0000000100000000)
  region size 1024K, 36 young (36864K), 3 survivors (3072K)
 Metaspace       used 99403K, committed 100032K, reserved 1138688K
  class space    used 13448K, committed 13760K, reserved 1048576K
}
Event: 9.002 GC heap after
{Heap after GC invocations=41 (full 0):
 garbage-first heap   total 157696K, used 85310K [0x0000000080000000, 0x0000000100000000)
  region size 1024K, 3 young (3072K), 3 survivors (3072K)
 Metaspace       used 99403K, committed 100032K, reserved 1138688K
  class space    used 13448K, committed 13760K, reserved 1048576K
}
Event: 9.011 GC heap before
{Heap before GC invocations=41 (full 0):
 garbage-first heap   total 157696K, used 89406K [0x0000000080000000, 0x0000000100000000)
  region size 1024K, 7 young (7168K), 3 survivors (3072K)
 Metaspace       used 99416K, committed 100096K, reserved 1138688K
  class space    used 13448K, committed 13760K, reserved 1048576K
}
Event: 9.013 GC heap after
{Heap after GC invocations=42 (full 0):
 garbage-first heap   total 157696K, used 85613K [0x0000000080000000, 0x0000000100000000)
  region size 1024K, 1 young (1024K), 1 survivors (1024K)
 Metaspace       used 99416K, committed 100096K, reserved 1138688K
  class space    used 13448K, committed 13760K, reserved 1048576K
}
Event: 9.252 GC heap before
{Heap before GC invocations=42 (full 0):
 garbage-first heap   total 157696K, used 125549K [0x0000000080000000, 0x0000000100000000)
  region size 1024K, 41 young (41984K), 1 survivors (1024K)
 Metaspace       used 100282K, committed 100992K, reserved 1138688K
  class space    used 13576K, committed 13888K, reserved 1048576K
}

